Using pre-set license
Built from '2020.2/release' branch; Version is '2020.2.4f1 (becced5a802b) revision 12504301'; Using compiler version '192528614'; Build Type 'Release'
OS: 'Windows 10 Home Single Language; OS build 19041.804; Version 2004; 64bit' Language: 'en' Physical Memory: 8020 MB
BatchMode: 1, IsHumanControllingUs: 0, StartBugReporterOnCrash: 0, Is64bit: 1, IsPro: 0

 COMMAND LINE ARGUMENTS:
C:\Program Files\Unity\Hub\Editor\2020.2.4f1\Editor\Unity.exe
-adb2
-batchMode
-noUpm
-name
AssetImportWorker0
-projectPath
C:/Users/rutuj/Laser Defender
-logFile
Logs/AssetImportWorker0.log
-srvPort
62476
Successfully changed project path to: C:/Users/rutuj/Laser Defender
C:/Users/rutuj/Laser Defender
Using Asset Import Pipeline V2.
Refreshing native plugins compatible for Editor in 123.96 ms, found 1 plugins.
Preloading 0 native plugins for Editor in 0.00 ms.
Initialize engine version: 2020.2.4f1 (becced5a802b)
[Subsystems] Discovering subsystems at path C:/Program Files/Unity/Hub/Editor/2020.2.4f1/Editor/Data/Resources/UnitySubsystems
[Subsystems] Discovering subsystems at path C:/Users/rutuj/Laser Defender/Assets
GfxDevice: creating device client; threaded=0
Direct3D:
    Version:  Direct3D 11.0 [level 11.1]
    Renderer: NVIDIA GeForce MX250 (ID=0x1d13)
    Vendor:   
    VRAM:     1983 MB
    Driver:   27.21.14.5211
Initialize mono
Mono path[0] = 'C:/Program Files/Unity/Hub/Editor/2020.2.4f1/Editor/Data/Managed'
Mono path[1] = 'C:/Program Files/Unity/Hub/Editor/2020.2.4f1/Editor/Data/MonoBleedingEdge/lib/mono/unityjit'
Mono config path = 'C:/Program Files/Unity/Hub/Editor/2020.2.4f1/Editor/Data/MonoBleedingEdge/etc'
Using monoOptions --debugger-agent=transport=dt_socket,embedding=1,server=y,suspend=n,address=127.0.0.1:56760
Begin MonoManager ReloadAssembly
Registering precompiled unity dll's ...
Register platform support module: C:/Program Files/Unity/Hub/Editor/2020.2.4f1/Editor/Data/PlaybackEngines/WebGLSupport/UnityEditor.WebGL.Extensions.dll
Register platform support module: C:/Program Files/Unity/Hub/Editor/2020.2.4f1/Editor/Data/PlaybackEngines/WindowsStandaloneSupport/UnityEditor.WindowsStandalone.Extensions.dll
Registered in 0.005255 seconds.
Native extension for WindowsStandalone target not found
Native extension for WebGL target not found
Refreshing native plugins compatible for Editor in 115.46 ms, found 1 plugins.
Preloading 0 native plugins for Editor in 0.00 ms.
Invoked RoslynAnalysisRunner static constructor.
RoslynAnalysisRunner will not be running.
RoslynAnalysisRunner has terminated.
Mono: successfully reloaded assembly
- Completed reload, in  3.493 seconds
Platform modules already initialized, skipping
Registering precompiled user dll's ...
Registered in 0.002183 seconds.
Begin MonoManager ReloadAssembly
Native extension for WindowsStandalone target not found
Native extension for WebGL target not found
Refreshing native plugins compatible for Editor in 137.37 ms, found 1 plugins.
Preloading 0 native plugins for Editor in 0.00 ms.
Invoked RoslynAnalysisRunner static constructor.
RoslynAnalysisRunner will not be running.
RoslynAnalysisRunner has terminated.
Mono: successfully reloaded assembly
- Completed reload, in  2.859 seconds
Platform modules already initialized, skipping
========================================================================
Worker process is ready to serve import requests
Launched and connected shader compiler UnityShaderCompiler.exe after 0.09 seconds
Refreshing native plugins compatible for Editor in 0.53 ms, found 1 plugins.
Preloading 0 native plugins for Editor in 0.00 ms.
Unloading 1928 Unused Serialized files (Serialized files now loaded: 0)
System memory in use before: 90.7 MB.
System memory in use after: 90.6 MB.

Unloading 24 unused Assets to reduce memory usage. Loaded Objects now: 2373.
Total: 3.370400 ms (FindLiveObjects: 0.310100 ms CreateObjectMapping: 0.201300 ms MarkObjects: 2.587300 ms  DeleteObjects: 0.270000 ms)

========================================================================
Received Import Request.
  path: Assets/Scenes/Game Over.unity
  artifactKey: Guid(3ce4c124a8275e34cb170bbca7a0d8d5) Importer(815301076,1909f56bfc062723c751e8b465ee728b)
Start importing Assets/Scenes/Game Over.unity using Guid(3ce4c124a8275e34cb170bbca7a0d8d5) Importer(815301076,1909f56bfc062723c751e8b465ee728b)  -> (artifact id: 'ce1b4574e42ebe04e93f658cb3bbc6d2') in 0.057298 seconds
  Import took 0.068255 seconds .

========================================================================
Received Prepare
Registering precompiled user dll's ...
Registered in 0.001084 seconds.
Begin MonoManager ReloadAssembly
Native extension for WindowsStandalone target not found
Native extension for WebGL target not found
Refreshing native plugins compatible for Editor in 1.20 ms, found 1 plugins.
Preloading 0 native plugins for Editor in 0.00 ms.
Invoked RoslynAnalysisRunner static constructor.
RoslynAnalysisRunner will not be running.
RoslynAnalysisRunner has terminated.
Mono: successfully reloaded assembly
- Completed reload, in  2.352 seconds
Platform modules already initialized, skipping
Refreshing native plugins compatible for Editor in 0.81 ms, found 1 plugins.
Preloading 0 native plugins for Editor in 0.00 ms.
Unloading 1911 Unused Serialized files (Serialized files now loaded: 0)
System memory in use before: 89.6 MB.
System memory in use after: 89.6 MB.

Unloading 12 unused Assets to reduce memory usage. Loaded Objects now: 2377.
Total: 5.028800 ms (FindLiveObjects: 0.358600 ms CreateObjectMapping: 0.261800 ms MarkObjects: 4.201200 ms  DeleteObjects: 0.204500 ms)

========================================================================
Received Import Request.
  Time since last request: 120.474299 seconds.
  path: Assets/Scripts/GameSession.cs
  artifactKey: Guid(0bca99742d7e7594b9962db7a31d9311) Importer(815301076,1909f56bfc062723c751e8b465ee728b)
Start importing Assets/Scripts/GameSession.cs using Guid(0bca99742d7e7594b9962db7a31d9311) Importer(815301076,1909f56bfc062723c751e8b465ee728b)  -> (artifact id: '44c710b10079e2248fb38d589f3f448d') in 0.070618 seconds
  Import took 0.082736 seconds .

========================================================================
Received Import Request.
  Time since last request: 514.639585 seconds.
  path: Assets/Scripts/GameSession.cs
  artifactKey: Guid(0bca99742d7e7594b9962db7a31d9311) Importer(815301076,1909f56bfc062723c751e8b465ee728b)
Start importing Assets/Scripts/GameSession.cs using Guid(0bca99742d7e7594b9962db7a31d9311) Importer(815301076,1909f56bfc062723c751e8b465ee728b)  -> (artifact id: '36933d76a01ad154d3460849d3e0967d') in 0.028921 seconds
  Import took 0.050542 seconds .

========================================================================
Received Import Request.
  Time since last request: 57.155863 seconds.
  path: Assets/Scripts/ScoreDisplay.cs
  artifactKey: Guid(2885a1b601324f74cafbae0133d18b0f) Importer(815301076,1909f56bfc062723c751e8b465ee728b)
Start importing Assets/Scripts/ScoreDisplay.cs using Guid(2885a1b601324f74cafbae0133d18b0f) Importer(815301076,1909f56bfc062723c751e8b465ee728b)  -> (artifact id: '0c67cb85e998d004be637e3887705ff2') in 0.023830 seconds
  Import took 0.034765 seconds .

========================================================================
Received Import Request.
  Time since last request: 1202.084222 seconds.
  path: Assets/ScoreTxt.cs
  artifactKey: Guid(f349267f7827b824da5283469995667e) Importer(815301076,1909f56bfc062723c751e8b465ee728b)
Start importing Assets/ScoreTxt.cs using Guid(f349267f7827b824da5283469995667e) Importer(815301076,1909f56bfc062723c751e8b465ee728b)  -> (artifact id: '5009b8cb3ea4228bd773663f96b214c4') in 0.013649 seconds
  Import took 0.028868 seconds .

========================================================================
Received Import Request.
  Time since last request: 3.921498 seconds.
  path: Assets/Scripts/ScoreDisplay.cs
  artifactKey: Guid(2885a1b601324f74cafbae0133d18b0f) Importer(815301076,1909f56bfc062723c751e8b465ee728b)
Start importing Assets/Scripts/ScoreDisplay.cs using Guid(2885a1b601324f74cafbae0133d18b0f) Importer(815301076,1909f56bfc062723c751e8b465ee728b)  -> (artifact id: '78c88b459f18a39656eeec33138da196') in 0.020119 seconds
  Import took 0.031191 seconds .

========================================================================
Received Import Request.
  Time since last request: 30.151310 seconds.
  path: Assets/Scripts/ScoreTxt.cs
  artifactKey: Guid(f349267f7827b824da5283469995667e) Importer(815301076,1909f56bfc062723c751e8b465ee728b)
Start importing Assets/Scripts/ScoreTxt.cs using Guid(f349267f7827b824da5283469995667e) Importer(815301076,1909f56bfc062723c751e8b465ee728b)  -> (artifact id: 'e17891d7341b81c06482e9c709a1fb05') in 0.014126 seconds
  Import took 0.020731 seconds .

========================================================================
Received Import Request.
  Time since last request: 0.001966 seconds.
  path: Assets/Scripts/ScoreTxt.cs
  artifactKey: Guid(f349267f7827b824da5283469995667e) Importer(815301076,1909f56bfc062723c751e8b465ee728b)
Start importing Assets/Scripts/ScoreTxt.cs using Guid(f349267f7827b824da5283469995667e) Importer(815301076,1909f56bfc062723c751e8b465ee728b)  -> (artifact id: 'e17891d7341b81c06482e9c709a1fb05') in 0.010908 seconds
  Import took 0.016465 seconds .

========================================================================
Received Import Request.
  Time since last request: 239.027972 seconds.
  path: Assets/Scripts/WaveConfig.cs
  artifactKey: Guid(1160276ee8fc7424399cb5c6678b155d) Importer(815301076,1909f56bfc062723c751e8b465ee728b)
Start importing Assets/Scripts/WaveConfig.cs using Guid(1160276ee8fc7424399cb5c6678b155d) Importer(815301076,1909f56bfc062723c751e8b465ee728b)  -> (artifact id: '447465d4a79888af5e31ab4831454087') in 0.035800 seconds
  Import took 0.053864 seconds .

========================================================================
Received Import Request.
  Time since last request: 0.032359 seconds.
  path: Assets/Scripts/WaveConfig.cs
  artifactKey: Guid(1160276ee8fc7424399cb5c6678b155d) Importer(815301076,1909f56bfc062723c751e8b465ee728b)
Start importing Assets/Scripts/WaveConfig.cs using Guid(1160276ee8fc7424399cb5c6678b155d) Importer(815301076,1909f56bfc062723c751e8b465ee728b)  -> (artifact id: '447465d4a79888af5e31ab4831454087') in 0.014799 seconds
  Import took 0.028592 seconds .

========================================================================
Received Prepare
Registering precompiled user dll's ...
Registered in 0.003065 seconds.
Begin MonoManager ReloadAssembly
Native extension for WindowsStandalone target not found
Native extension for WebGL target not found
Refreshing native plugins compatible for Editor in 1.30 ms, found 1 plugins.
Preloading 0 native plugins for Editor in 0.00 ms.
Invoked RoslynAnalysisRunner static constructor.
RoslynAnalysisRunner will not be running.
RoslynAnalysisRunner has terminated.
Mono: successfully reloaded assembly
- Completed reload, in  2.753 seconds
Platform modules already initialized, skipping
Refreshing native plugins compatible for Editor in 0.88 ms, found 1 plugins.
Preloading 0 native plugins for Editor in 0.00 ms.
Unloading 1912 Unused Serialized files (Serialized files now loaded: 0)
System memory in use before: 89.7 MB.
System memory in use after: 89.7 MB.

Unloading 12 unused Assets to reduce memory usage. Loaded Objects now: 2381.
Total: 5.959900 ms (FindLiveObjects: 1.065600 ms CreateObjectMapping: 0.241600 ms MarkObjects: 4.243100 ms  DeleteObjects: 0.406400 ms)

========================================================================
Received Import Request.
  Time since last request: 376.075061 seconds.
  path: Assets/Scripts/GameSession.cs
  artifactKey: Guid(0bca99742d7e7594b9962db7a31d9311) Importer(815301076,1909f56bfc062723c751e8b465ee728b)
Start importing Assets/Scripts/GameSession.cs using Guid(0bca99742d7e7594b9962db7a31d9311) Importer(815301076,1909f56bfc062723c751e8b465ee728b)  -> (artifact id: '590e280a7fdb3eb8febd80a376f49f35') in 0.014518 seconds
  Import took 0.022889 seconds .

========================================================================
Received Prepare
Registering precompiled user dll's ...
Registered in 0.002100 seconds.
Begin MonoManager ReloadAssembly
Native extension for WindowsStandalone target not found
Native extension for WebGL target not found
Refreshing native plugins compatible for Editor in 1.17 ms, found 1 plugins.
Preloading 0 native plugins for Editor in 0.00 ms.
Invoked RoslynAnalysisRunner static constructor.
RoslynAnalysisRunner will not be running.
RoslynAnalysisRunner has terminated.
Mono: successfully reloaded assembly
- Completed reload, in  3.404 seconds
Platform modules already initialized, skipping
Refreshing native plugins compatible for Editor in 0.75 ms, found 1 plugins.
Preloading 0 native plugins for Editor in 0.00 ms.
Unloading 1912 Unused Serialized files (Serialized files now loaded: 0)
System memory in use before: 89.7 MB.
System memory in use after: 89.7 MB.

Unloading 12 unused Assets to reduce memory usage. Loaded Objects now: 2384.
Total: 5.518300 ms (FindLiveObjects: 0.343600 ms CreateObjectMapping: 0.195900 ms MarkObjects: 4.744200 ms  DeleteObjects: 0.232000 ms)

========================================================================
Received Prepare
Registering precompiled user dll's ...
Registered in 0.002218 seconds.
Begin MonoManager ReloadAssembly
Native extension for WindowsStandalone target not found
Native extension for WebGL target not found
Refreshing native plugins compatible for Editor in 0.54 ms, found 1 plugins.
Preloading 0 native plugins for Editor in 0.00 ms.
Invoked RoslynAnalysisRunner static constructor.
RoslynAnalysisRunner will not be running.
RoslynAnalysisRunner has terminated.
Mono: successfully reloaded assembly
- Completed reload, in  2.827 seconds
Platform modules already initialized, skipping
Refreshing native plugins compatible for Editor in 0.90 ms, found 1 plugins.
Preloading 0 native plugins for Editor in 0.00 ms.
Unloading 1912 Unused Serialized files (Serialized files now loaded: 0)
System memory in use before: 89.8 MB.
System memory in use after: 89.8 MB.

Unloading 12 unused Assets to reduce memory usage. Loaded Objects now: 2387.
Total: 5.507900 ms (FindLiveObjects: 0.852600 ms CreateObjectMapping: 0.401700 ms MarkObjects: 4.023700 ms  DeleteObjects: 0.227300 ms)

========================================================================
Received Import Request.
  Time since last request: 503.750336 seconds.
  path: Assets/Prefabs/Greenemy.prefab
  artifactKey: Guid(d1701f4d670fa1f4890d326c2eff9276) Importer(815301076,1909f56bfc062723c751e8b465ee728b)
Start importing Assets/Prefabs/Greenemy.prefab using Guid(d1701f4d670fa1f4890d326c2eff9276) Importer(815301076,1909f56bfc062723c751e8b465ee728b)  -> (artifact id: '9abeff73fd0ffd61fba1e49ef4ef58d3') in 0.221682 seconds
  Import took 0.229180 seconds .

========================================================================
Received Import Request.
  Time since last request: 29.955289 seconds.
  path: Assets/Prefabs/Bluemy.prefab
  artifactKey: Guid(cc593868e930411498b267be1b92ac73) Importer(815301076,1909f56bfc062723c751e8b465ee728b)
Start importing Assets/Prefabs/Bluemy.prefab using Guid(cc593868e930411498b267be1b92ac73) Importer(815301076,1909f56bfc062723c751e8b465ee728b)  -> (artifact id: '6b88bd0cf2e94a8e0fda7c7abcba675d') in 0.052910 seconds
  Import took 0.061632 seconds .

========================================================================
Received Import Request.
  Time since last request: 132.090958 seconds.
  path: Assets/Scenes/Game.unity
  artifactKey: Guid(2cda990e2423bbf4892e6590ba056729) Importer(815301076,1909f56bfc062723c751e8b465ee728b)
Start importing Assets/Scenes/Game.unity using Guid(2cda990e2423bbf4892e6590ba056729) Importer(815301076,1909f56bfc062723c751e8b465ee728b)  -> (artifact id: 'ddf4847c4f7a3e8b91794b71e75c7fbc') in 0.042201 seconds
  Import took 0.056697 seconds .

AssetImportWorkerClient::OnTransportError - code=2 error=End of file
